<?xml version="1.0" encoding="UTF-8" ?>
<testsuite tests="15" failures="0" name="com.example.ShoppingCartTest" time="0.001" errors="0" skipped="0">
  <properties>
[...]
</properties>
  <testcase classname="com.example.ShoppingCartTest" name="removingWatchFromCartShouldRemoveWatchOnly" time="0"/>
  <testcase classname="com.example.ShoppingCartTest" name="addingDuplicateItemShouldAlsoBeAddedToCart" time="0"/>
  <testcase classname="com.example.ShoppingCartTest" name="removingOnlyItemShouldRemoveItFromCart" time="0"/>
  <testcase classname="com.example.ShoppingCartTest" name="addingLaptopShouldAddLaptopOnly" time="0"/>
  <testcase classname="com.example.ShoppingCartTest" name="removingNonExistantProductShouldThrowException" time="0"/>
  <testcase classname="com.example.ShoppingCartTest" name="placingOrderShouldTakeOnlyFiveSecondsAsPerSLA" time="0"/>
  <testcase classname="com.example.ShoppingCartTest" name="addingDuplicateItemShouldIncreaseItemQuantity" time="0"/>
  <testcase classname="com.example.ShoppingCartTest" name="addingFiveItemsShouldMakeCartSizeToBeFive" time="0"/>
  <testcase classname="com.example.ShoppingCartTest" name="addingOneItemShouldIncreaseCartSize" time="0"/>
  <testcase classname="com.example.ShoppingCartTest" name="emptyingCartShouldDecreaseCartSizeToBeZero" time="0"/>
  <testcase classname="com.example.ShoppingCartTest" name="emptyCartShouldProductNonNullResult" time="0"/>
  <testcase classname="com.example.ShoppingCartTest" name="placingOrderShouldGenerateOrderNumber" time="0"/>
  <testcase classname="com.example.ShoppingCartTest" name="checkCartPriceShouldBeAccurate" time="0.001"/>
  <testcase classname="com.example.ShoppingCartTest" name="emptyCartShouldHaveZeroItems" time="0"/>
  <testcase classname="com.example.ShoppingCartTest" name="removingItemShouldDecreaseCartSize" time="0"/>
</testsuite>